<?xml version="1.0" encoding="UTF-8"?>
<!-- Generated by org.testng.reporters.JUnitXMLReporter -->
<testsuite ignored="0" hostname="SagarYenkar" failures="0" tests="4" name="firefoxMobileTest" time="128.697" errors="0" timestamp="2025-03-03T19:34:58 IST">
  <testcase classname="qa.tests.TestCase1" name="searchProductAndAdd" time="40.073"/>
  <testcase classname="qa.tests.TestCase1" name="validateNavigationBar" time="6.13"/>
  <testcase classname="qa.tests.TestCase1" name="verfyEnteringCredential" time="17.033"/>
  <testcase classname="qa.tests.TestCase1" name="EmptyCart" time="33.832"/>
</testsuite> <!-- firefoxMobileTest -->
