<?xml version="1.0" encoding="UTF-8"?>
<!-- Generated by org.testng.reporters.JUnitXMLReporter -->
<testsuite ignored="0" hostname="SagarYenkar" failures="0" tests="4" name="firefoxMobileTest" time="80.09" errors="0" timestamp="2025-03-03T02:20:24 IST">
  <testcase classname="qa.tests.TestCase1" name="searchProductAndAdd" time="24.37"/>
  <testcase classname="qa.tests.TestCase1" name="validateNavigationBar" time="0.503"/>
  <testcase classname="qa.tests.TestCase1" name="verfyEnteringCredential" time="11.712"/>
  <testcase classname="qa.tests.TestCase1" name="EmptyCart" time="17.904"/>
</testsuite> <!-- firefoxMobileTest -->
