<?xml version="1.0" encoding="UTF-8"?>
<!-- Generated by org.testng.reporters.JUnitXMLReporter -->
<testsuite ignored="0" hostname="SagarYenkar" failures="0" tests="4" name="firefoxMobileTest" time="92.038" errors="0" timestamp="2025-03-03T01:43:48 IST">
  <testcase classname="qa.tests.TestCase1" name="searchProductAndAdd" time="23.246"/>
  <testcase classname="qa.tests.TestCase1" name="validateNavigationBar" time="0.618"/>
  <testcase classname="qa.tests.TestCase1" name="verfyEnteringCredential" time="12.777"/>
  <testcase classname="qa.tests.TestCase1" name="EmptyCart" time="20.201"/>
</testsuite> <!-- firefoxMobileTest -->
