<?xml version="1.0" encoding="UTF-8"?>
<testsuite xmlns:xsi="http://www.w3.org/2001/XMLSchema-instance" xsi:noNamespaceSchemaLocation="https://maven.apache.org/surefire/maven-surefire-plugin/xsd/surefire-test-report-3.0.xsd" version="3.0" name="TestSuite" time="82.942" tests="4" errors="0" skipped="0" failures="0">
  <properties>
[...]
</properties>
  <testcase name="searchProductAndAdd" classname="qa.tests.TestCase1" time="23.903">
    <system-out><![CDATA[Error clearing cookies and cache: SecurityError: The operation is insecure.
Build info: version: '4.18.1', revision: 'b1d3319b48'
System info: os.name: 'Windows 10', os.arch: 'amd64', os.version: '10.0', java.version: '16'
Driver info: org.openqa.selenium.firefox.FirefoxDriver
Command: [f99569c9-f1ba-4e58-87f3-96ee39e4a111, executeScript {args=[], script=window.localStorage.clear(); window.sessionStorage.clear();}]
Capabilities {acceptInsecureCerts: true, browserName: firefox, browserVersion: 135.0.1, moz:accessibilityChecks: false, moz:buildID: 20250216192613, moz:geckodriverVersion: 0.36.0, moz:headless: true, moz:platformVersion: 10.0, moz:processID: 23868, moz:profile: C:\Users\HP\AppData\Local\T..., moz:shutdownTimeout: 60000, moz:webdriverClick: true, moz:windowless: false, pageLoadStrategy: normal, platformName: windows, proxy: Proxy(), setWindowRect: true, strictFileInteractability: false, timeouts: {implicit: 0, pageLoad: 300000, script: 30000}, unhandledPromptBehavior: dismiss and notify, userAgent: Mozilla/5.0 (Windows NT 10....}
Session ID: f99569c9-f1ba-4e58-87f3-96ee39e4a111
Amazon.sg logo is displayed correctly Before Login.
Amazon.sg logo is displayed correctly After Login.
Actual Greeting Text: Hello, Sagar
Product Found: insta360 link 2 - the ai-powerd 4k webcam
🔹 Product 1 Price: ₹15990.0
🔹 Product 2 Price: ₹24990.0
🔹 Expected Subtotal (Product 1 + Product 2): ₹40980.0
🔹 Actual Subtotal from Cart: ₹40980.0
]]></system-out>
    <system-err><![CDATA[SLF4J: Failed to load class "org.slf4j.impl.StaticLoggerBinder".
SLF4J: Defaulting to no-operation (NOP) logger implementation
SLF4J: See http://www.slf4j.org/codes.html#StaticLoggerBinder for further details.
]]></system-err>
  </testcase>
  <testcase name="validateNavigationBar" classname="qa.tests.TestCase1" time="0.167">
    <system-out><![CDATA[Error clearing cookies and cache: SecurityError: The operation is insecure.
Build info: version: '4.18.1', revision: 'b1d3319b48'
System info: os.name: 'Windows 10', os.arch: 'amd64', os.version: '10.0', java.version: '16'
Driver info: org.openqa.selenium.firefox.FirefoxDriver
Command: [e9a54dd1-7b16-42a4-9684-c3dd9afe8004, executeScript {args=[], script=window.localStorage.clear(); window.sessionStorage.clear();}]
Capabilities {acceptInsecureCerts: true, browserName: firefox, browserVersion: 135.0.1, moz:accessibilityChecks: false, moz:buildID: 20250216192613, moz:geckodriverVersion: 0.36.0, moz:headless: true, moz:platformVersion: 10.0, moz:processID: 17960, moz:profile: C:\Users\HP\AppData\Local\T..., moz:shutdownTimeout: 60000, moz:webdriverClick: true, moz:windowless: false, pageLoadStrategy: normal, platformName: windows, proxy: Proxy(), setWindowRect: true, strictFileInteractability: false, timeouts: {implicit: 0, pageLoad: 300000, script: 30000}, unhandledPromptBehavior: dismiss and notify, userAgent: Mozilla/5.0 (Windows NT 10....}
Session ID: e9a54dd1-7b16-42a4-9684-c3dd9afe8004
Search bar is displayed correctly after login.
Cart icon is displayed correctly after login.
Return And Order  icon is displayed correctly after login.
Navigation is displayed correctly after login.
]]></system-out>
  </testcase>
  <testcase name="verfyEnteringCredential" classname="qa.tests.TestCase1" time="12.527">
    <system-out><![CDATA[Error clearing cookies and cache: SecurityError: The operation is insecure.
Build info: version: '4.18.1', revision: 'b1d3319b48'
System info: os.name: 'Windows 10', os.arch: 'amd64', os.version: '10.0', java.version: '16'
Driver info: org.openqa.selenium.firefox.FirefoxDriver
Command: [ee39645b-8658-49e0-a7c4-d48eac77fe5c, executeScript {args=[], script=window.localStorage.clear(); window.sessionStorage.clear();}]
Capabilities {acceptInsecureCerts: true, browserName: firefox, browserVersion: 135.0.1, moz:accessibilityChecks: false, moz:buildID: 20250216192613, moz:geckodriverVersion: 0.36.0, moz:headless: true, moz:platformVersion: 10.0, moz:processID: 13960, moz:profile: C:\Users\HP\AppData\Local\T..., moz:shutdownTimeout: 60000, moz:webdriverClick: true, moz:windowless: false, pageLoadStrategy: normal, platformName: windows, proxy: Proxy(), setWindowRect: true, strictFileInteractability: false, timeouts: {implicit: 0, pageLoad: 300000, script: 30000}, unhandledPromptBehavior: dismiss and notify, userAgent: Mozilla/5.0 (Windows NT 10....}
Session ID: ee39645b-8658-49e0-a7c4-d48eac77fe5c
Amazon.sg logo is displayed correctly Before Login.
Amazon.sg logo is displayed correctly After Login.
Actual Greeting Text: Hello, Sagar
]]></system-out>
  </testcase>
  <testcase name="EmptyCart" classname="qa.tests.TestCase1" time="18.882">
    <system-out><![CDATA[Error clearing cookies and cache: SecurityError: The operation is insecure.
Build info: version: '4.18.1', revision: 'b1d3319b48'
System info: os.name: 'Windows 10', os.arch: 'amd64', os.version: '10.0', java.version: '16'
Driver info: org.openqa.selenium.firefox.FirefoxDriver
Command: [19f0b1f4-2f1e-4d01-92a3-754f5c74fed9, executeScript {args=[], script=window.localStorage.clear(); window.sessionStorage.clear();}]
Capabilities {acceptInsecureCerts: true, browserName: firefox, browserVersion: 135.0.1, moz:accessibilityChecks: false, moz:buildID: 20250216192613, moz:geckodriverVersion: 0.36.0, moz:headless: true, moz:platformVersion: 10.0, moz:processID: 6352, moz:profile: C:\Users\HP\AppData\Local\T..., moz:shutdownTimeout: 60000, moz:webdriverClick: true, moz:windowless: false, pageLoadStrategy: normal, platformName: windows, proxy: Proxy(), setWindowRect: true, strictFileInteractability: false, timeouts: {implicit: 0, pageLoad: 300000, script: 30000}, unhandledPromptBehavior: dismiss and notify, userAgent: Mozilla/5.0 (Windows NT 10....}
Session ID: 19f0b1f4-2f1e-4d01-92a3-754f5c74fed9
Amazon.sg logo is displayed correctly Before Login.
Amazon.sg logo is displayed correctly After Login.
Actual Greeting Text: Hello, Sagar
]]></system-out>
  </testcase>
</testsuite>