<?xml version="1.0" encoding="UTF-8"?>
<testng-results ignored="0" total="4" passed="4" failed="0" skipped="0">
  <reporter-output>
  </reporter-output>
  <suite started-at="2025-03-03T00:41:47 IST" name="Headless Mobile Suite" finished-at="2025-03-03T00:43:10 IST" duration-ms="82827">
    <groups>
    </groups>
    <test started-at="2025-03-03T00:41:47 IST" name="firefoxMobileTest" finished-at="2025-03-03T00:43:10 IST" duration-ms="82827">
      <class name="qa.tests.TestCase1">
        <test-method is-config="true" signature="beforeTestMethod()[pri:0, instance:qa.tests.TestCase1@4efac082]" started-at="2025-03-03T00:41:47 IST" name="beforeTestMethod" finished-at="2025-03-03T00:41:48 IST" duration-ms="263" status="PASS">
          <reporter-output>
          </reporter-output>
        </test-method> <!-- beforeTestMethod -->
        <test-method is-config="true" signature="BeforeMethodMethod(java.lang.String,java.lang.String,java.lang.String,java.lang.reflect.Method)[pri:0, instance:qa.tests.TestCase1@4efac082]" started-at="2025-03-03T00:41:48 IST" name="BeforeMethodMethod" finished-at="2025-03-03T00:41:54 IST" duration-ms="6374" status="PASS">
          <params>
            <param index="0">
              <value>
                <![CDATA[firefox]]>
              </value>
            </param>
            <param index="1">
              <value>
                <![CDATA[true]]>
              </value>
            </param>
            <param index="2">
              <value>
                <![CDATA[true]]>
              </value>
            </param>
            <param index="3">
              <value>
                <![CDATA[public void qa.tests.TestCase1.searchProductAndAdd() throws java.lang.InterruptedException]]>
              </value>
            </param>
          </params>
          <reporter-output>
          </reporter-output>
        </test-method> <!-- BeforeMethodMethod -->
        <test-method signature="searchProductAndAdd()[pri:1, instance:qa.tests.TestCase1@4efac082]" started-at="2025-03-03T00:41:54 IST" name="searchProductAndAdd" description="Search the Search for product insta360 link 2 And Add to Cart Also Verify Price of both product and subtotal." finished-at="2025-03-03T00:42:18 IST" duration-ms="24000" status="PASS">
          <reporter-output>
          </reporter-output>
        </test-method> <!-- searchProductAndAdd -->
        <test-method is-config="true" signature="afterTestMethod(org.testng.ITestResult)[pri:0, instance:qa.tests.TestCase1@4efac082]" started-at="2025-03-03T00:42:18 IST" name="afterTestMethod" finished-at="2025-03-03T00:42:19 IST" duration-ms="1175" status="PASS">
          <params>
            <param index="0">
              <value>
                <![CDATA[[TestResult name=searchProductAndAdd status=SUCCESS method=TestCase1.searchProductAndAdd()[pri:1, instance:qa.tests.TestCase1@4efac082] output={null}]]]>
              </value>
            </param>
          </params>
          <reporter-output>
          </reporter-output>
        </test-method> <!-- afterTestMethod -->
        <test-method is-config="true" signature="BeforeMethodMethod(java.lang.String,java.lang.String,java.lang.String,java.lang.reflect.Method)[pri:0, instance:qa.tests.TestCase1@4efac082]" started-at="2025-03-03T00:42:19 IST" name="BeforeMethodMethod" finished-at="2025-03-03T00:42:24 IST" duration-ms="4596" status="PASS">
          <params>
            <param index="0">
              <value>
                <![CDATA[firefox]]>
              </value>
            </param>
            <param index="1">
              <value>
                <![CDATA[true]]>
              </value>
            </param>
            <param index="2">
              <value>
                <![CDATA[true]]>
              </value>
            </param>
            <param index="3">
              <value>
                <![CDATA[public void qa.tests.TestCase1.validateNavigationBar()]]>
              </value>
            </param>
          </params>
          <reporter-output>
          </reporter-output>
        </test-method> <!-- BeforeMethodMethod -->
        <test-method signature="validateNavigationBar()[pri:2, instance:qa.tests.TestCase1@4efac082]" started-at="2025-03-03T00:42:24 IST" name="validateNavigationBar" description="Verify that the top navigation bar appears correctly without any rendering issue or missing elements " finished-at="2025-03-03T00:42:24 IST" duration-ms="641" status="PASS">
          <reporter-output>
          </reporter-output>
        </test-method> <!-- validateNavigationBar -->
        <test-method is-config="true" signature="afterTestMethod(org.testng.ITestResult)[pri:0, instance:qa.tests.TestCase1@4efac082]" started-at="2025-03-03T00:42:24 IST" name="afterTestMethod" finished-at="2025-03-03T00:42:27 IST" duration-ms="2065" status="PASS">
          <params>
            <param index="0">
              <value>
                <![CDATA[[TestResult name=validateNavigationBar status=SUCCESS method=TestCase1.validateNavigationBar()[pri:2, instance:qa.tests.TestCase1@4efac082] output={null}]]]>
              </value>
            </param>
          </params>
          <reporter-output>
          </reporter-output>
        </test-method> <!-- afterTestMethod -->
        <test-method is-config="true" signature="BeforeMethodMethod(java.lang.String,java.lang.String,java.lang.String,java.lang.reflect.Method)[pri:0, instance:qa.tests.TestCase1@4efac082]" started-at="2025-03-03T00:42:27 IST" name="BeforeMethodMethod" finished-at="2025-03-03T00:42:32 IST" duration-ms="5596" status="PASS">
          <params>
            <param index="0">
              <value>
                <![CDATA[firefox]]>
              </value>
            </param>
            <param index="1">
              <value>
                <![CDATA[true]]>
              </value>
            </param>
            <param index="2">
              <value>
                <![CDATA[true]]>
              </value>
            </param>
            <param index="3">
              <value>
                <![CDATA[public void qa.tests.TestCase1.verfyEnteringCredential() throws java.lang.InterruptedException]]>
              </value>
            </param>
          </params>
          <reporter-output>
          </reporter-output>
        </test-method> <!-- BeforeMethodMethod -->
        <test-method signature="verfyEnteringCredential()[pri:3, instance:qa.tests.TestCase1@4efac082]" started-at="2025-03-03T00:42:32 IST" name="verfyEnteringCredential" description="Verify that the login page is loaded successfully And Login into Application." finished-at="2025-03-03T00:42:44 IST" duration-ms="11462" status="PASS">
          <reporter-output>
          </reporter-output>
        </test-method> <!-- verfyEnteringCredential -->
        <test-method is-config="true" signature="afterTestMethod(org.testng.ITestResult)[pri:0, instance:qa.tests.TestCase1@4efac082]" started-at="2025-03-03T00:42:44 IST" name="afterTestMethod" finished-at="2025-03-03T00:42:45 IST" duration-ms="1533" status="PASS">
          <params>
            <param index="0">
              <value>
                <![CDATA[[TestResult name=verfyEnteringCredential status=SUCCESS method=TestCase1.verfyEnteringCredential()[pri:3, instance:qa.tests.TestCase1@4efac082] output={null}]]]>
              </value>
            </param>
          </params>
          <reporter-output>
          </reporter-output>
        </test-method> <!-- afterTestMethod -->
        <test-method is-config="true" signature="BeforeMethodMethod(java.lang.String,java.lang.String,java.lang.String,java.lang.reflect.Method)[pri:0, instance:qa.tests.TestCase1@4efac082]" started-at="2025-03-03T00:42:45 IST" name="BeforeMethodMethod" finished-at="2025-03-03T00:42:50 IST" duration-ms="4746" status="PASS">
          <params>
            <param index="0">
              <value>
                <![CDATA[firefox]]>
              </value>
            </param>
            <param index="1">
              <value>
                <![CDATA[true]]>
              </value>
            </param>
            <param index="2">
              <value>
                <![CDATA[true]]>
              </value>
            </param>
            <param index="3">
              <value>
                <![CDATA[public void qa.tests.TestCase1.EmptyCart() throws java.lang.InterruptedException]]>
              </value>
            </param>
          </params>
          <reporter-output>
          </reporter-output>
        </test-method> <!-- BeforeMethodMethod -->
        <test-method signature="EmptyCart()[pri:4, instance:qa.tests.TestCase1@4efac082]" started-at="2025-03-03T00:42:50 IST" name="EmptyCart" description="Verify the Cart is empaty after Verification" finished-at="2025-03-03T00:43:09 IST" duration-ms="18782" status="PASS">
          <reporter-output>
          </reporter-output>
        </test-method> <!-- EmptyCart -->
        <test-method is-config="true" signature="afterTestMethod(org.testng.ITestResult)[pri:0, instance:qa.tests.TestCase1@4efac082]" started-at="2025-03-03T00:43:09 IST" name="afterTestMethod" finished-at="2025-03-03T00:43:10 IST" duration-ms="1131" status="PASS">
          <params>
            <param index="0">
              <value>
                <![CDATA[[TestResult name=EmptyCart status=SUCCESS method=TestCase1.EmptyCart()[pri:4, instance:qa.tests.TestCase1@4efac082] output={null}]]]>
              </value>
            </param>
          </params>
          <reporter-output>
          </reporter-output>
        </test-method> <!-- afterTestMethod -->
        <test-method is-config="true" signature="afterTest()[pri:0, instance:qa.tests.TestCase1@4efac082]" started-at="2025-03-03T00:43:10 IST" name="afterTest" finished-at="2025-03-03T00:43:10 IST" duration-ms="416" status="PASS">
          <reporter-output>
          </reporter-output>
        </test-method> <!-- afterTest -->
      </class> <!-- qa.tests.TestCase1 -->
    </test> <!-- firefoxMobileTest -->
  </suite> <!-- Headless Mobile Suite -->
</testng-results>
