<?xml version="1.0" encoding="UTF-8"?>
<testsuite xmlns:xsi="http://www.w3.org/2001/XMLSchema-instance" xsi:noNamespaceSchemaLocation="https://maven.apache.org/surefire/maven-surefire-plugin/xsd/surefire-test-report-3.0.xsd" version="3.0" name="TestSuite" time="80.801" tests="4" errors="0" skipped="0" failures="0">
  <properties>
[...]
</properties>
  <testcase name="searchProductAndAdd" classname="qa.tests.TestCase1" time="24.365">
    <system-out><![CDATA[Error clearing cookies and cache: SecurityError: The operation is insecure.
Build info: version: '4.18.1', revision: 'b1d3319b48'
System info: os.name: 'Windows 11', os.arch: 'amd64', os.version: '10.0', java.version: '17.0.3'
Driver info: org.openqa.selenium.firefox.FirefoxDriver
Command: [da22e017-7937-4733-92fc-aea8f83e4f0e, executeScript {args=[], script=window.localStorage.clear(); window.sessionStorage.clear();}]
Capabilities {acceptInsecureCerts: true, browserName: firefox, browserVersion: 135.0.1, moz:accessibilityChecks: false, moz:buildID: 20250216192613, moz:geckodriverVersion: 0.36.0, moz:headless: true, moz:platformVersion: 10.0, moz:processID: 15920, moz:profile: C:\Users\HP\AppData\Local\T..., moz:shutdownTimeout: 60000, moz:webdriverClick: true, moz:windowless: false, pageLoadStrategy: normal, platformName: windows, proxy: Proxy(), setWindowRect: true, strictFileInteractability: false, timeouts: {implicit: 0, pageLoad: 300000, script: 30000}, unhandledPromptBehavior: dismiss and notify, userAgent: Mozilla/5.0 (Windows NT 10....}
Session ID: da22e017-7937-4733-92fc-aea8f83e4f0e
Amazon.sg logo is displayed correctly Before Login.
Amazon.sg logo is displayed correctly After Login.
Actual Greeting Text: Hello, Sagar
Product Found: insta360 link 2 - the ai-powerd 4k webcam
🔹 Product 1 Price: ₹15990.0
🔹 Product 2 Price: ₹24990.0
🔹 Expected Subtotal (Product 1 + Product 2): ₹40980.0
🔹 Actual Subtotal from Cart: ₹40980.0
]]></system-out>
    <system-err><![CDATA[SLF4J: Failed to load class "org.slf4j.impl.StaticLoggerBinder".
SLF4J: Defaulting to no-operation (NOP) logger implementation
SLF4J: See http://www.slf4j.org/codes.html#StaticLoggerBinder for further details.
]]></system-err>
  </testcase>
  <testcase name="validateNavigationBar" classname="qa.tests.TestCase1" time="0.504">
    <system-out><![CDATA[Error clearing cookies and cache: SecurityError: The operation is insecure.
Build info: version: '4.18.1', revision: 'b1d3319b48'
System info: os.name: 'Windows 11', os.arch: 'amd64', os.version: '10.0', java.version: '17.0.3'
Driver info: org.openqa.selenium.firefox.FirefoxDriver
Command: [b9cc50b7-1dbe-4090-ab9c-a62fa4ec21d3, executeScript {args=[], script=window.localStorage.clear(); window.sessionStorage.clear();}]
Capabilities {acceptInsecureCerts: true, browserName: firefox, browserVersion: 135.0.1, moz:accessibilityChecks: false, moz:buildID: 20250216192613, moz:geckodriverVersion: 0.36.0, moz:headless: true, moz:platformVersion: 10.0, moz:processID: 9536, moz:profile: C:\Users\HP\AppData\Local\T..., moz:shutdownTimeout: 60000, moz:webdriverClick: true, moz:windowless: false, pageLoadStrategy: normal, platformName: windows, proxy: Proxy(), setWindowRect: true, strictFileInteractability: false, timeouts: {implicit: 0, pageLoad: 300000, script: 30000}, unhandledPromptBehavior: dismiss and notify, userAgent: Mozilla/5.0 (Windows NT 10....}
Session ID: b9cc50b7-1dbe-4090-ab9c-a62fa4ec21d3
Search bar is displayed correctly after login.
Cart icon is displayed correctly after login.
Return And Order  icon is displayed correctly after login.
Navigation is displayed correctly after login.
]]></system-out>
  </testcase>
  <testcase name="verfyEnteringCredential" classname="qa.tests.TestCase1" time="11.712">
    <system-out><![CDATA[Error clearing cookies and cache: SecurityError: The operation is insecure.
Build info: version: '4.18.1', revision: 'b1d3319b48'
System info: os.name: 'Windows 11', os.arch: 'amd64', os.version: '10.0', java.version: '17.0.3'
Driver info: org.openqa.selenium.firefox.FirefoxDriver
Command: [ddf4c03b-5d03-443b-99ca-7b2e3416fb90, executeScript {args=[], script=window.localStorage.clear(); window.sessionStorage.clear();}]
Capabilities {acceptInsecureCerts: true, browserName: firefox, browserVersion: 135.0.1, moz:accessibilityChecks: false, moz:buildID: 20250216192613, moz:geckodriverVersion: 0.36.0, moz:headless: true, moz:platformVersion: 10.0, moz:processID: 6820, moz:profile: C:\Users\HP\AppData\Local\T..., moz:shutdownTimeout: 60000, moz:webdriverClick: true, moz:windowless: false, pageLoadStrategy: normal, platformName: windows, proxy: Proxy(), setWindowRect: true, strictFileInteractability: false, timeouts: {implicit: 0, pageLoad: 300000, script: 30000}, unhandledPromptBehavior: dismiss and notify, userAgent: Mozilla/5.0 (Windows NT 10....}
Session ID: ddf4c03b-5d03-443b-99ca-7b2e3416fb90
Amazon.sg logo is displayed correctly Before Login.
Amazon.sg logo is displayed correctly After Login.
Actual Greeting Text: Hello, Sagar
]]></system-out>
  </testcase>
  <testcase name="EmptyCart" classname="qa.tests.TestCase1" time="17.903">
    <system-out><![CDATA[Error clearing cookies and cache: SecurityError: The operation is insecure.
Build info: version: '4.18.1', revision: 'b1d3319b48'
System info: os.name: 'Windows 11', os.arch: 'amd64', os.version: '10.0', java.version: '17.0.3'
Driver info: org.openqa.selenium.firefox.FirefoxDriver
Command: [a4c9aef0-2023-4f62-9b82-a47a9f8f13c0, executeScript {args=[], script=window.localStorage.clear(); window.sessionStorage.clear();}]
Capabilities {acceptInsecureCerts: true, browserName: firefox, browserVersion: 135.0.1, moz:accessibilityChecks: false, moz:buildID: 20250216192613, moz:geckodriverVersion: 0.36.0, moz:headless: true, moz:platformVersion: 10.0, moz:processID: 21676, moz:profile: C:\Users\HP\AppData\Local\T..., moz:shutdownTimeout: 60000, moz:webdriverClick: true, moz:windowless: false, pageLoadStrategy: normal, platformName: windows, proxy: Proxy(), setWindowRect: true, strictFileInteractability: false, timeouts: {implicit: 0, pageLoad: 300000, script: 30000}, unhandledPromptBehavior: dismiss and notify, userAgent: Mozilla/5.0 (Windows NT 10....}
Session ID: a4c9aef0-2023-4f62-9b82-a47a9f8f13c0
Amazon.sg logo is displayed correctly Before Login.
Amazon.sg logo is displayed correctly After Login.
Actual Greeting Text: Hello, Sagar
]]></system-out>
  </testcase>
</testsuite>