<?xml version="1.0" encoding="UTF-8"?>
<testsuite xmlns:xsi="http://www.w3.org/2001/XMLSchema-instance" xsi:noNamespaceSchemaLocation="https://maven.apache.org/surefire/maven-surefire-plugin/xsd/surefire-test-report-3.0.xsd" version="3.0" name="TestSuite" time="83.532" tests="4" errors="0" skipped="0" failures="0">
  <properties>
[...]
</properties>
  <testcase name="searchProductAndAdd" classname="qa.tests.TestCase1" time="24.003">
    <system-out><![CDATA[Error clearing cookies and cache: SecurityError: The operation is insecure.
Build info: version: '4.18.1', revision: 'b1d3319b48'
System info: os.name: 'Windows 11', os.arch: 'amd64', os.version: '10.0', java.version: '17.0.3'
Driver info: org.openqa.selenium.firefox.FirefoxDriver
Command: [06a6cb20-7bad-4566-82ec-725c747e878c, executeScript {args=[], script=window.localStorage.clear(); window.sessionStorage.clear();}]
Capabilities {acceptInsecureCerts: true, browserName: firefox, browserVersion: 135.0.1, moz:accessibilityChecks: false, moz:buildID: 20250216192613, moz:geckodriverVersion: 0.36.0, moz:headless: true, moz:platformVersion: 10.0, moz:processID: 20896, moz:profile: C:\Users\HP\AppData\Local\T..., moz:shutdownTimeout: 60000, moz:webdriverClick: true, moz:windowless: false, pageLoadStrategy: normal, platformName: windows, proxy: Proxy(), setWindowRect: true, strictFileInteractability: false, timeouts: {implicit: 0, pageLoad: 300000, script: 30000}, unhandledPromptBehavior: dismiss and notify, userAgent: Mozilla/5.0 (Windows NT 10....}
Session ID: 06a6cb20-7bad-4566-82ec-725c747e878c
Amazon.sg logo is displayed correctly Before Login.
Amazon.sg logo is displayed correctly After Login.
Actual Greeting Text: Hello, Sagar
Product Found: insta360 link 2 - the ai-powerd 4k webcam
🔹 Product 1 Price: ₹15990.0
🔹 Product 2 Price: ₹24990.0
🔹 Expected Subtotal (Product 1 + Product 2): ₹40980.0
🔹 Actual Subtotal from Cart: ₹40980.0
]]></system-out>
    <system-err><![CDATA[SLF4J: Failed to load class "org.slf4j.impl.StaticLoggerBinder".
SLF4J: Defaulting to no-operation (NOP) logger implementation
SLF4J: See http://www.slf4j.org/codes.html#StaticLoggerBinder for further details.
]]></system-err>
  </testcase>
  <testcase name="validateNavigationBar" classname="qa.tests.TestCase1" time="0.64">
    <system-out><![CDATA[Error clearing cookies and cache: SecurityError: The operation is insecure.
Build info: version: '4.18.1', revision: 'b1d3319b48'
System info: os.name: 'Windows 11', os.arch: 'amd64', os.version: '10.0', java.version: '17.0.3'
Driver info: org.openqa.selenium.firefox.FirefoxDriver
Command: [f66cc437-e7ce-462c-9480-1a6922ed7cf2, executeScript {args=[], script=window.localStorage.clear(); window.sessionStorage.clear();}]
Capabilities {acceptInsecureCerts: true, browserName: firefox, browserVersion: 135.0.1, moz:accessibilityChecks: false, moz:buildID: 20250216192613, moz:geckodriverVersion: 0.36.0, moz:headless: true, moz:platformVersion: 10.0, moz:processID: 23328, moz:profile: C:\Users\HP\AppData\Local\T..., moz:shutdownTimeout: 60000, moz:webdriverClick: true, moz:windowless: false, pageLoadStrategy: normal, platformName: windows, proxy: Proxy(), setWindowRect: true, strictFileInteractability: false, timeouts: {implicit: 0, pageLoad: 300000, script: 30000}, unhandledPromptBehavior: dismiss and notify, userAgent: Mozilla/5.0 (Windows NT 10....}
Session ID: f66cc437-e7ce-462c-9480-1a6922ed7cf2
Search bar is displayed correctly after login.
Cart icon is displayed correctly after login.
Return And Order  icon is displayed correctly after login.
Navigation is displayed correctly after login.
]]></system-out>
  </testcase>
  <testcase name="verfyEnteringCredential" classname="qa.tests.TestCase1" time="11.461">
    <system-out><![CDATA[Error clearing cookies and cache: SecurityError: The operation is insecure.
Build info: version: '4.18.1', revision: 'b1d3319b48'
System info: os.name: 'Windows 11', os.arch: 'amd64', os.version: '10.0', java.version: '17.0.3'
Driver info: org.openqa.selenium.firefox.FirefoxDriver
Command: [4835a86a-ff5c-4827-8da8-231e9e529b63, executeScript {args=[], script=window.localStorage.clear(); window.sessionStorage.clear();}]
Capabilities {acceptInsecureCerts: true, browserName: firefox, browserVersion: 135.0.1, moz:accessibilityChecks: false, moz:buildID: 20250216192613, moz:geckodriverVersion: 0.36.0, moz:headless: true, moz:platformVersion: 10.0, moz:processID: 22888, moz:profile: C:\Users\HP\AppData\Local\T..., moz:shutdownTimeout: 60000, moz:webdriverClick: true, moz:windowless: false, pageLoadStrategy: normal, platformName: windows, proxy: Proxy(), setWindowRect: true, strictFileInteractability: false, timeouts: {implicit: 0, pageLoad: 300000, script: 30000}, unhandledPromptBehavior: dismiss and notify, userAgent: Mozilla/5.0 (Windows NT 10....}
Session ID: 4835a86a-ff5c-4827-8da8-231e9e529b63
Amazon.sg logo is displayed correctly Before Login.
Amazon.sg logo is displayed correctly After Login.
Actual Greeting Text: Hello, Sagar
]]></system-out>
  </testcase>
  <testcase name="EmptyCart" classname="qa.tests.TestCase1" time="18.782">
    <system-out><![CDATA[Error clearing cookies and cache: SecurityError: The operation is insecure.
Build info: version: '4.18.1', revision: 'b1d3319b48'
System info: os.name: 'Windows 11', os.arch: 'amd64', os.version: '10.0', java.version: '17.0.3'
Driver info: org.openqa.selenium.firefox.FirefoxDriver
Command: [117ff824-2188-4aa2-9207-8f5814af3e88, executeScript {args=[], script=window.localStorage.clear(); window.sessionStorage.clear();}]
Capabilities {acceptInsecureCerts: true, browserName: firefox, browserVersion: 135.0.1, moz:accessibilityChecks: false, moz:buildID: 20250216192613, moz:geckodriverVersion: 0.36.0, moz:headless: true, moz:platformVersion: 10.0, moz:processID: 21024, moz:profile: C:\Users\HP\AppData\Local\T..., moz:shutdownTimeout: 60000, moz:webdriverClick: true, moz:windowless: false, pageLoadStrategy: normal, platformName: windows, proxy: Proxy(), setWindowRect: true, strictFileInteractability: false, timeouts: {implicit: 0, pageLoad: 300000, script: 30000}, unhandledPromptBehavior: dismiss and notify, userAgent: Mozilla/5.0 (Windows NT 10....}
Session ID: 117ff824-2188-4aa2-9207-8f5814af3e88
Amazon.sg logo is displayed correctly Before Login.
Amazon.sg logo is displayed correctly After Login.
Actual Greeting Text: Hello, Sagar
]]></system-out>
  </testcase>
</testsuite>