<?xml version="1.0" encoding="UTF-8"?>
<testng-results ignored="0" total="4" passed="4" failed="0" skipped="0">
  <reporter-output>
  </reporter-output>
  <suite started-at="2025-03-03T21:04:19 IST" name="Headless Mobile Suite" finished-at="2025-03-03T21:06:15 IST" duration-ms="116200">
    <groups>
    </groups>
    <test started-at="2025-03-03T21:04:19 IST" name="firefoxMobileTest" finished-at="2025-03-03T21:06:15 IST" duration-ms="116200">
      <class name="qa.tests.TestCase1">
        <test-method is-config="true" signature="beforeTestMethod()[pri:0, instance:qa.tests.TestCase1@28261e8e]" started-at="2025-03-03T21:04:19 IST" name="beforeTestMethod" finished-at="2025-03-03T21:04:19 IST" duration-ms="534" status="PASS">
          <reporter-output>
          </reporter-output>
        </test-method> <!-- beforeTestMethod -->
        <test-method is-config="true" signature="BeforeMethodMethod(java.lang.String,java.lang.String,java.lang.String,java.lang.reflect.Method)[pri:0, instance:qa.tests.TestCase1@28261e8e]" started-at="2025-03-03T21:04:19 IST" name="BeforeMethodMethod" finished-at="2025-03-03T21:04:26 IST" duration-ms="6768" status="PASS">
          <params>
            <param index="0">
              <value>
                <![CDATA[firefox]]>
              </value>
            </param>
            <param index="1">
              <value>
                <![CDATA[true]]>
              </value>
            </param>
            <param index="2">
              <value>
                <![CDATA[true]]>
              </value>
            </param>
            <param index="3">
              <value>
                <![CDATA[public void qa.tests.TestCase1.searchProductAndAdd() throws java.lang.InterruptedException]]>
              </value>
            </param>
          </params>
          <reporter-output>
          </reporter-output>
        </test-method> <!-- BeforeMethodMethod -->
        <test-method signature="searchProductAndAdd()[pri:1, instance:qa.tests.TestCase1@28261e8e]" started-at="2025-03-03T21:04:26 IST" name="searchProductAndAdd" description="Search  for product insta360 link 2 And Add to Cart Also Verify Price of both product and subtotal." finished-at="2025-03-03T21:05:01 IST" duration-ms="34713" status="PASS">
          <reporter-output>
          </reporter-output>
        </test-method> <!-- searchProductAndAdd -->
        <test-method is-config="true" signature="afterTestMethod(org.testng.ITestResult)[pri:0, instance:qa.tests.TestCase1@28261e8e]" started-at="2025-03-03T21:05:01 IST" name="afterTestMethod" finished-at="2025-03-03T21:05:02 IST" duration-ms="1119" status="PASS">
          <params>
            <param index="0">
              <value>
                <![CDATA[[TestResult name=searchProductAndAdd status=SUCCESS method=TestCase1.searchProductAndAdd()[pri:1, instance:qa.tests.TestCase1@28261e8e] output={null}]]]>
              </value>
            </param>
          </params>
          <reporter-output>
          </reporter-output>
        </test-method> <!-- afterTestMethod -->
        <test-method is-config="true" signature="BeforeMethodMethod(java.lang.String,java.lang.String,java.lang.String,java.lang.reflect.Method)[pri:0, instance:qa.tests.TestCase1@28261e8e]" started-at="2025-03-03T21:05:02 IST" name="BeforeMethodMethod" finished-at="2025-03-03T21:05:08 IST" duration-ms="6716" status="PASS">
          <params>
            <param index="0">
              <value>
                <![CDATA[firefox]]>
              </value>
            </param>
            <param index="1">
              <value>
                <![CDATA[true]]>
              </value>
            </param>
            <param index="2">
              <value>
                <![CDATA[true]]>
              </value>
            </param>
            <param index="3">
              <value>
                <![CDATA[public void qa.tests.TestCase1.validateNavigationBar() throws java.lang.InterruptedException]]>
              </value>
            </param>
          </params>
          <reporter-output>
          </reporter-output>
        </test-method> <!-- BeforeMethodMethod -->
        <test-method signature="validateNavigationBar()[pri:2, instance:qa.tests.TestCase1@28261e8e]" started-at="2025-03-03T21:05:08 IST" name="validateNavigationBar" description="Verify that the top navigation bar appears correctly without any rendering issue or missing elements " finished-at="2025-03-03T21:05:15 IST" duration-ms="6138" status="PASS">
          <reporter-output>
          </reporter-output>
        </test-method> <!-- validateNavigationBar -->
        <test-method is-config="true" signature="afterTestMethod(org.testng.ITestResult)[pri:0, instance:qa.tests.TestCase1@28261e8e]" started-at="2025-03-03T21:05:15 IST" name="afterTestMethod" finished-at="2025-03-03T21:05:16 IST" duration-ms="948" status="PASS">
          <params>
            <param index="0">
              <value>
                <![CDATA[[TestResult name=validateNavigationBar status=SUCCESS method=TestCase1.validateNavigationBar()[pri:2, instance:qa.tests.TestCase1@28261e8e] output={null}]]]>
              </value>
            </param>
          </params>
          <reporter-output>
          </reporter-output>
        </test-method> <!-- afterTestMethod -->
        <test-method is-config="true" signature="BeforeMethodMethod(java.lang.String,java.lang.String,java.lang.String,java.lang.reflect.Method)[pri:0, instance:qa.tests.TestCase1@28261e8e]" started-at="2025-03-03T21:05:16 IST" name="BeforeMethodMethod" finished-at="2025-03-03T21:05:22 IST" duration-ms="5962" status="PASS">
          <params>
            <param index="0">
              <value>
                <![CDATA[firefox]]>
              </value>
            </param>
            <param index="1">
              <value>
                <![CDATA[true]]>
              </value>
            </param>
            <param index="2">
              <value>
                <![CDATA[true]]>
              </value>
            </param>
            <param index="3">
              <value>
                <![CDATA[public void qa.tests.TestCase1.verfyEnteringCredential() throws java.lang.InterruptedException]]>
              </value>
            </param>
          </params>
          <reporter-output>
          </reporter-output>
        </test-method> <!-- BeforeMethodMethod -->
        <test-method signature="verfyEnteringCredential()[pri:3, instance:qa.tests.TestCase1@28261e8e]" started-at="2025-03-03T21:05:22 IST" name="verfyEnteringCredential" description="Verify that the login page is loaded successfully And Login into Application." finished-at="2025-03-03T21:05:39 IST" duration-ms="17010" status="PASS">
          <reporter-output>
          </reporter-output>
        </test-method> <!-- verfyEnteringCredential -->
        <test-method is-config="true" signature="afterTestMethod(org.testng.ITestResult)[pri:0, instance:qa.tests.TestCase1@28261e8e]" started-at="2025-03-03T21:05:39 IST" name="afterTestMethod" finished-at="2025-03-03T21:05:40 IST" duration-ms="1022" status="PASS">
          <params>
            <param index="0">
              <value>
                <![CDATA[[TestResult name=verfyEnteringCredential status=SUCCESS method=TestCase1.verfyEnteringCredential()[pri:3, instance:qa.tests.TestCase1@28261e8e] output={null}]]]>
              </value>
            </param>
          </params>
          <reporter-output>
          </reporter-output>
        </test-method> <!-- afterTestMethod -->
        <test-method is-config="true" signature="BeforeMethodMethod(java.lang.String,java.lang.String,java.lang.String,java.lang.reflect.Method)[pri:0, instance:qa.tests.TestCase1@28261e8e]" started-at="2025-03-03T21:05:40 IST" name="BeforeMethodMethod" finished-at="2025-03-03T21:05:46 IST" duration-ms="6553" status="PASS">
          <params>
            <param index="0">
              <value>
                <![CDATA[firefox]]>
              </value>
            </param>
            <param index="1">
              <value>
                <![CDATA[true]]>
              </value>
            </param>
            <param index="2">
              <value>
                <![CDATA[true]]>
              </value>
            </param>
            <param index="3">
              <value>
                <![CDATA[public void qa.tests.TestCase1.EmptyCart() throws java.lang.InterruptedException]]>
              </value>
            </param>
          </params>
          <reporter-output>
          </reporter-output>
        </test-method> <!-- BeforeMethodMethod -->
        <test-method signature="EmptyCart()[pri:4, instance:qa.tests.TestCase1@28261e8e]" started-at="2025-03-03T21:05:46 IST" name="EmptyCart" description="Verify the Cart is empaty after Verification " finished-at="2025-03-03T21:06:13 IST" duration-ms="27256" status="PASS">
          <reporter-output>
          </reporter-output>
        </test-method> <!-- EmptyCart -->
        <test-method is-config="true" signature="afterTestMethod(org.testng.ITestResult)[pri:0, instance:qa.tests.TestCase1@28261e8e]" started-at="2025-03-03T21:06:13 IST" name="afterTestMethod" finished-at="2025-03-03T21:06:14 IST" duration-ms="1070" status="PASS">
          <params>
            <param index="0">
              <value>
                <![CDATA[[TestResult name=EmptyCart status=SUCCESS method=TestCase1.EmptyCart()[pri:4, instance:qa.tests.TestCase1@28261e8e] output={null}]]]>
              </value>
            </param>
          </params>
          <reporter-output>
          </reporter-output>
        </test-method> <!-- afterTestMethod -->
        <test-method is-config="true" signature="afterTest()[pri:0, instance:qa.tests.TestCase1@28261e8e]" started-at="2025-03-03T21:06:14 IST" name="afterTest" finished-at="2025-03-03T21:06:15 IST" duration-ms="315" status="PASS">
          <reporter-output>
          </reporter-output>
        </test-method> <!-- afterTest -->
      </class> <!-- qa.tests.TestCase1 -->
    </test> <!-- firefoxMobileTest -->
  </suite> <!-- Headless Mobile Suite -->
</testng-results>
